<?xml version="1.0" encoding="UTF-8"?>
<!-- Generated by org.testng.reporters.JUnitReportReporter -->
<testsuite hostname="DESKTOP-RB71H0V" failures="0" tests="1" name="OrangeHRM.miniproject.Job" time="29.176" errors="0" timestamp="2024-02-29T21:05:37 IST" skipped="0">
  <testcase classname="OrangeHRM.miniproject.Job" name="jobmethod" time="29.176"/>
  <system-out/>
</testsuite> <!-- OrangeHRM.miniproject.Job -->
