<?xml version="1.0" encoding="UTF-8"?>
<!-- Generated by org.testng.reporters.JUnitReportReporter -->
<testsuite hostname="DESKTOP-RB71H0V" failures="0" tests="1" name="OrangeHRM.miniproject.Report" time="28.039" errors="0" timestamp="2024-02-29T21:15:18 IST" skipped="0">
  <testcase classname="OrangeHRM.miniproject.Report" name="reportmethod" time="28.039"/>
  <system-out/>
</testsuite> <!-- OrangeHRM.miniproject.Report -->
