<?xml version="1.0" encoding="UTF-8"?>
<!-- Generated by org.testng.reporters.JUnitReportReporter -->
<testsuite hostname="DESKTOP-RB71H0V" failures="0" tests="1" name="OrangeHRM.miniproject.Salary" time="29.151" errors="0" timestamp="2024-02-29T21:12:15 IST" skipped="0">
  <testcase classname="OrangeHRM.miniproject.Salary" name="salaryMethod" time="29.151"/>
  <system-out/>
</testsuite> <!-- OrangeHRM.miniproject.Salary -->
