<?xml version="1.0" encoding="UTF-8"?>
<!-- Generated by org.testng.reporters.JUnitReportReporter -->
<testsuite hostname="DESKTOP-RB71H0V" failures="0" tests="1" name="OrangeHRM.miniproject.HRMLogin" time="23.590" errors="0" timestamp="2024-02-29T21:09:35 IST" skipped="0">
  <testcase classname="OrangeHRM.miniproject.HRMLogin" name="loginmethod" time="23.590"/>
  <system-out/>
</testsuite> <!-- OrangeHRM.miniproject.HRMLogin -->
